<?xml version="1.0" encoding="UTF-8"?>
<coverage generated="1665844693830" clover="3.2.0">
  <project timestamp="1665844693830" name="All files">
    <metrics statements="164" coveredstatements="164" conditionals="32" coveredconditionals="28" methods="64" coveredmethods="64" elements="260" coveredelements="256" complexity="0" loc="164" ncloc="164" packages="5" files="23" classes="23"/>
    <package name="application">
      <metrics statements="42" coveredstatements="42" conditionals="1" coveredconditionals="0" methods="10" coveredmethods="10"/>
      <file name="CalculateShipping.ts" path="C:\Users\andre\OneDrive\Área de Trabalho\projetos\projetos_branas\sales_io\src\application\CalculateShipping.ts">
        <metrics statements="12" coveredstatements="12" conditionals="0" coveredconditionals="0" methods="2" coveredmethods="2"/>
        <line num="1" count="1" type="stmt"/>
        <line num="3" count="1" type="stmt"/>
        <line num="4" count="1" type="stmt"/>
        <line num="8" count="1" type="stmt"/>
        <line num="16" count="1" type="stmt"/>
        <line num="20" count="1" type="stmt"/>
        <line num="21" count="1" type="stmt"/>
        <line num="22" count="1" type="stmt"/>
        <line num="24" count="1" type="stmt"/>
        <line num="26" count="1" type="stmt"/>
        <line num="27" count="1" type="stmt"/>
        <line num="29" count="1" type="stmt"/>
      </file>
      <file name="Checkout.ts" path="C:\Users\andre\OneDrive\Área de Trabalho\projetos\projetos_branas\sales_io\src\application\Checkout.ts">
        <metrics statements="9" coveredstatements="9" conditionals="0" coveredconditionals="0" methods="2" coveredmethods="2"/>
        <line num="1" count="1" type="stmt"/>
        <line num="6" count="1" type="stmt"/>
        <line num="14" count="2" type="stmt"/>
        <line num="18" count="3" type="stmt"/>
        <line num="19" count="3" type="stmt"/>
        <line num="20" count="3" type="stmt"/>
        <line num="21" count="5" type="stmt"/>
        <line num="22" count="5" type="stmt"/>
        <line num="24" count="3" type="stmt"/>
      </file>
      <file name="GetOrderByCpf.ts" path="C:\Users\andre\OneDrive\Área de Trabalho\projetos\projetos_branas\sales_io\src\application\GetOrderByCpf.ts">
        <metrics statements="7" coveredstatements="7" conditionals="0" coveredconditionals="0" methods="2" coveredmethods="2"/>
        <line num="4" count="1" type="stmt"/>
        <line num="6" count="2" type="stmt"/>
        <line num="10" count="2" type="stmt"/>
        <line num="11" count="2" type="stmt"/>
        <line num="12" count="2" type="stmt"/>
        <line num="13" count="3" type="stmt"/>
        <line num="15" count="2" type="stmt"/>
      </file>
      <file name="Preview.ts" path="C:\Users\andre\OneDrive\Área de Trabalho\projetos\projetos_branas\sales_io\src\application\Preview.ts">
        <metrics statements="9" coveredstatements="9" conditionals="0" coveredconditionals="0" methods="2" coveredmethods="2"/>
        <line num="1" count="1" type="stmt"/>
        <line num="5" count="1" type="stmt"/>
        <line num="13" count="1" type="stmt"/>
        <line num="17" count="1" type="stmt"/>
        <line num="18" count="1" type="stmt"/>
        <line num="19" count="3" type="stmt"/>
        <line num="20" count="3" type="stmt"/>
        <line num="22" count="1" type="stmt"/>
        <line num="23" count="1" type="stmt"/>
      </file>
      <file name="ValidateCoupon.ts" path="C:\Users\andre\OneDrive\Área de Trabalho\projetos\projetos_branas\sales_io\src\application\ValidateCoupon.ts">
        <metrics statements="5" coveredstatements="5" conditionals="1" coveredconditionals="0" methods="2" coveredmethods="2"/>
        <line num="7" count="1" type="stmt"/>
        <line num="13" count="1" type="stmt"/>
        <line num="17" count="1" type="stmt"/>
        <line num="18" count="1" type="cond" truecount="0" falsecount="1"/>
        <line num="19" count="1" type="stmt"/>
      </file>
    </package>
    <package name="application.Dtos">
      <metrics statements="8" coveredstatements="8" conditionals="0" coveredconditionals="0" methods="4" coveredmethods="4"/>
      <file name="CalculateShippingDTO.ts" path="C:\Users\andre\OneDrive\Área de Trabalho\projetos\projetos_branas\sales_io\src\application\Dtos\CalculateShippingDTO.ts">
        <metrics statements="2" coveredstatements="2" conditionals="0" coveredconditionals="0" methods="1" coveredmethods="1"/>
        <line num="3" count="1" type="stmt"/>
        <line num="6" count="1" type="stmt"/>
      </file>
      <file name="CheckoutDTO.ts" path="C:\Users\andre\OneDrive\Área de Trabalho\projetos\projetos_branas\sales_io\src\application\Dtos\CheckoutDTO.ts">
        <metrics statements="2" coveredstatements="2" conditionals="0" coveredconditionals="0" methods="1" coveredmethods="1"/>
        <line num="1" count="1" type="stmt"/>
        <line num="4" count="2" type="stmt"/>
      </file>
      <file name="PreviewDTO.ts" path="C:\Users\andre\OneDrive\Área de Trabalho\projetos\projetos_branas\sales_io\src\application\Dtos\PreviewDTO.ts">
        <metrics statements="2" coveredstatements="2" conditionals="0" coveredconditionals="0" methods="1" coveredmethods="1"/>
        <line num="1" count="1" type="stmt"/>
        <line num="4" count="1" type="stmt"/>
      </file>
      <file name="ValidateCouponDTO.ts" path="C:\Users\andre\OneDrive\Área de Trabalho\projetos\projetos_branas\sales_io\src\application\Dtos\ValidateCouponDTO.ts">
        <metrics statements="2" coveredstatements="2" conditionals="0" coveredconditionals="0" methods="1" coveredmethods="1"/>
        <line num="1" count="1" type="stmt"/>
        <line num="4" count="1" type="stmt"/>
      </file>
    </package>
    <package name="infra.repository.memory">
      <metrics statements="15" coveredstatements="15" conditionals="1" coveredconditionals="0" methods="13" coveredmethods="13"/>
      <file name="CouponRepositoryInMemory.ts" path="C:\Users\andre\OneDrive\Área de Trabalho\projetos\projetos_branas\sales_io\src\infra\repository\memory\CouponRepositoryInMemory.ts">
        <metrics statements="4" coveredstatements="4" conditionals="0" coveredconditionals="0" methods="4" coveredmethods="4"/>
        <line num="4" count="1" type="stmt"/>
        <line num="8" count="1" type="stmt"/>
        <line num="12" count="1" type="stmt"/>
        <line num="16" count="1" type="stmt"/>
      </file>
      <file name="ItemRepositoryInMemory.ts" path="C:\Users\andre\OneDrive\Área de Trabalho\projetos\projetos_branas\sales_io\src\infra\repository\memory\ItemRepositoryInMemory.ts">
        <metrics statements="6" coveredstatements="6" conditionals="1" coveredconditionals="0" methods="4" coveredmethods="4"/>
        <line num="4" count="3" type="stmt"/>
        <line num="8" count="4" type="stmt"/>
        <line num="12" count="15" type="stmt"/>
        <line num="13" count="9" type="cond" truecount="0" falsecount="1"/>
        <line num="14" count="9" type="stmt"/>
        <line num="18" count="8" type="stmt"/>
      </file>
      <file name="OrderRepositoryInMemory.ts" path="C:\Users\andre\OneDrive\Área de Trabalho\projetos\projetos_branas\sales_io\src\infra\repository\memory\OrderRepositoryInMemory.ts">
        <metrics statements="5" coveredstatements="5" conditionals="0" coveredconditionals="0" methods="5" coveredmethods="5"/>
        <line num="6" count="1" type="stmt"/>
        <line num="10" count="2" type="stmt"/>
        <line num="14" count="3" type="stmt"/>
        <line num="18" count="3" type="stmt"/>
        <line num="22" count="3" type="stmt"/>
      </file>
    </package>
    <package name="model.entity">
      <metrics statements="81" coveredstatements="81" conditionals="26" coveredconditionals="25" methods="33" coveredmethods="33"/>
      <file name="Coordinate.ts" path="C:\Users\andre\OneDrive\Área de Trabalho\projetos\projetos_branas\sales_io\src\model\entity\Coordinate.ts">
        <metrics statements="2" coveredstatements="2" conditionals="0" coveredconditionals="0" methods="1" coveredmethods="1"/>
        <line num="1" count="3" type="stmt"/>
        <line num="2" count="10" type="stmt"/>
      </file>
      <file name="Coupon.ts" path="C:\Users\andre\OneDrive\Área de Trabalho\projetos\projetos_branas\sales_io\src\model\entity\Coupon.ts">
        <metrics statements="4" coveredstatements="4" conditionals="3" coveredconditionals="3" methods="3" coveredmethods="3"/>
        <line num="1" count="2" type="stmt"/>
        <line num="3" count="3" type="stmt"/>
        <line num="7" count="3" type="cond" truecount="2" falsecount="0"/>
        <line num="11" count="1" type="stmt"/>
      </file>
      <file name="Cpf.ts" path="C:\Users\andre\OneDrive\Área de Trabalho\projetos\projetos_branas\sales_io\src\model\entity\Cpf.ts">
        <metrics statements="22" coveredstatements="22" conditionals="7" coveredconditionals="7" methods="8" coveredmethods="8"/>
        <line num="1" count="4" type="stmt"/>
        <line num="3" count="21" type="stmt"/>
        <line num="4" count="21" type="cond" truecount="1" falsecount="0"/>
        <line num="8" count="21" type="cond" truecount="1" falsecount="0"/>
        <line num="9" count="20" type="stmt"/>
        <line num="10" count="20" type="cond" truecount="1" falsecount="0"/>
        <line num="11" count="18" type="cond" truecount="1" falsecount="0"/>
        <line num="12" count="14" type="stmt"/>
        <line num="13" count="14" type="stmt"/>
        <line num="14" count="14" type="stmt"/>
        <line num="15" count="14" type="stmt"/>
        <line num="16" count="14" type="stmt"/>
        <line num="20" count="20" type="stmt"/>
        <line num="24" count="20" type="stmt"/>
        <line num="28" count="18" type="stmt"/>
        <line num="29" count="72" type="stmt"/>
        <line num="33" count="14" type="stmt"/>
        <line num="37" count="28" type="stmt"/>
        <line num="38" count="28" type="stmt"/>
        <line num="39" count="308" type="cond" truecount="1" falsecount="0"/>
        <line num="41" count="28" type="stmt"/>
        <line num="42" count="28" type="cond" truecount="2" falsecount="0"/>
      </file>
      <file name="Dimension.ts" path="C:\Users\andre\OneDrive\Área de Trabalho\projetos\projetos_branas\sales_io\src\model\entity\Dimension.ts">
        <metrics statements="6" coveredstatements="6" conditionals="5" coveredconditionals="5" methods="3" coveredmethods="3"/>
        <line num="2" count="5" type="stmt"/>
        <line num="3" count="13" type="stmt"/>
        <line num="4" count="13" type="cond" truecount="5" falsecount="0"/>
        <line num="5" count="1" type="stmt"/>
        <line num="9" count="2" type="stmt"/>
        <line num="13" count="1" type="stmt"/>
      </file>
      <file name="Distance.ts" path="C:\Users\andre\OneDrive\Área de Trabalho\projetos\projetos_branas\sales_io\src\model\entity\Distance.ts">
        <metrics statements="2" coveredstatements="2" conditionals="1" coveredconditionals="1" methods="1" coveredmethods="1"/>
        <line num="2" count="3" type="stmt"/>
        <line num="4" count="3" type="cond" truecount="1" falsecount="0"/>
      </file>
      <file name="Item.ts" path="C:\Users\andre\OneDrive\Área de Trabalho\projetos\projetos_branas\sales_io\src\model\entity\Item.ts">
        <metrics statements="2" coveredstatements="2" conditionals="0" coveredconditionals="0" methods="1" coveredmethods="1"/>
        <line num="3" count="5" type="stmt"/>
        <line num="5" count="12" type="stmt"/>
      </file>
      <file name="Order.ts" path="C:\Users\andre\OneDrive\Área de Trabalho\projetos\projetos_branas\sales_io\src\model\entity\Order.ts">
        <metrics statements="22" coveredstatements="22" conditionals="5" coveredconditionals="5" methods="9" coveredmethods="9"/>
        <line num="2" count="3" type="stmt"/>
        <line num="4" count="3" type="stmt"/>
        <line num="5" count="3" type="stmt"/>
        <line num="7" count="3" type="stmt"/>
        <line num="14" count="12" type="stmt"/>
        <line num="15" count="11" type="stmt"/>
        <line num="16" count="11" type="stmt"/>
        <line num="20" count="12" type="stmt"/>
        <line num="24" count="19" type="cond" truecount="1" falsecount="0"/>
        <line num="25" count="1" type="stmt"/>
        <line num="27" count="18" type="stmt"/>
        <line num="31" count="19" type="stmt"/>
        <line num="35" count="2" type="cond" truecount="1" falsecount="0"/>
        <line num="36" count="1" type="stmt"/>
        <line num="38" count="1" type="stmt"/>
        <line num="42" count="7" type="stmt"/>
        <line num="43" count="14" type="stmt"/>
        <line num="44" count="14" type="stmt"/>
        <line num="46" count="7" type="cond" truecount="1" falsecount="0"/>
        <line num="47" count="1" type="stmt"/>
        <line num="49" count="7" type="stmt"/>
        <line num="53" count="4" type="stmt"/>
      </file>
      <file name="OrderItem.ts" path="C:\Users\andre\OneDrive\Área de Trabalho\projetos\projetos_branas\sales_io\src\model\entity\OrderItem.ts">
        <metrics statements="5" coveredstatements="5" conditionals="1" coveredconditionals="1" methods="2" coveredmethods="2"/>
        <line num="1" count="3" type="stmt"/>
        <line num="3" count="18" type="stmt"/>
        <line num="4" count="18" type="cond" truecount="1" falsecount="0"/>
        <line num="5" count="1" type="stmt"/>
        <line num="10" count="14" type="stmt"/>
      </file>
      <file name="ShippingCalculator.ts" path="C:\Users\andre\OneDrive\Área de Trabalho\projetos\projetos_branas\sales_io\src\model\entity\ShippingCalculator.ts">
        <metrics statements="10" coveredstatements="10" conditionals="4" coveredconditionals="3" methods="2" coveredmethods="2"/>
        <line num="1" count="2" type="stmt"/>
        <line num="7" count="2" type="stmt"/>
        <line num="8" count="1" type="stmt"/>
        <line num="11" count="1" type="cond" truecount="2" falsecount="0"/>
        <line num="12" count="1" type="stmt"/>
        <line num="13" count="1" type="stmt"/>
        <line num="20" count="1" type="stmt"/>
        <line num="21" count="1" type="stmt"/>
        <line num="22" count="1" type="stmt"/>
        <line num="23" count="1" type="cond" truecount="1" falsecount="1"/>
      </file>
      <file name="orderCode.ts" path="C:\Users\andre\OneDrive\Área de Trabalho\projetos\projetos_branas\sales_io\src\model\entity\orderCode.ts">
        <metrics statements="6" coveredstatements="6" conditionals="0" coveredconditionals="0" methods="3" coveredmethods="3"/>
        <line num="2" count="3" type="stmt"/>
        <line num="3" count="11" type="stmt"/>
        <line num="5" count="11" type="stmt"/>
        <line num="9" count="4" type="stmt"/>
        <line num="13" count="11" type="stmt"/>
        <line num="14" count="11" type="stmt"/>
      </file>
    </package>
    <package name="services">
      <metrics statements="18" coveredstatements="18" conditionals="4" coveredconditionals="3" methods="4" coveredmethods="4"/>
      <file name="DistanceCalculate.ts" path="C:\Users\andre\OneDrive\Área de Trabalho\projetos\projetos_branas\sales_io\src\services\DistanceCalculate.ts">
        <metrics statements="18" coveredstatements="18" conditionals="4" coveredconditionals="3" methods="4" coveredmethods="4"/>
        <line num="2" count="2" type="stmt"/>
        <line num="4" count="2" type="stmt"/>
        <line num="8" count="3" type="cond" truecount="1" falsecount="0"/>
        <line num="10" count="1" type="stmt"/>
        <line num="11" count="1" type="stmt"/>
        <line num="12" count="1" type="stmt"/>
        <line num="13" count="1" type="stmt"/>
        <line num="15" count="1" type="stmt"/>
        <line num="17" count="1" type="cond" truecount="0" falsecount="1"/>
        <line num="19" count="1" type="stmt"/>
        <line num="20" count="1" type="stmt"/>
        <line num="21" count="1" type="stmt"/>
        <line num="22" count="1" type="stmt"/>
        <line num="23" count="1" type="stmt"/>
        <line num="25" count="1" type="stmt"/>
        <line num="29" count="3" type="stmt"/>
        <line num="33" count="1" type="stmt"/>
        <line num="37" count="3" type="cond" truecount="2" falsecount="0"/>
      </file>
    </package>
  </project>
</coverage>
