{"C:\\Users\\andre\\OneDrive\\Área de Trabalho\\projetos\\projetos_branas\\sales_io\\src\\application\\CalculateShipping.ts": {"path":"C:\\Users\\andre\\OneDrive\\Área de Trabalho\\projetos\\projetos_branas\\sales_io\\src\\application\\CalculateShipping.ts","statementMap":{"0":{"start":{"line":2,"column":0},"end":{"line":2,"column":52}},"1":{"start":{"line":3,"column":0},"end":{"line":3,"column":68}},"2":{"start":{"line":4,"column":0},"end":{"line":4,"column":72}},"3":{"start":{"line":17,"column":25},"end":{"line":17,"column":55}},"4":{"start":{"line":17,"column":66},"end":{"line":17,"column":102}},"5":{"start":{"line":21,"column":28},"end":{"line":21,"column":29}},"6":{"start":{"line":22,"column":23},"end":{"line":22,"column":38}},"7":{"start":{"line":24,"column":8},"end":{"line":28,"column":null}},"8":{"start":{"line":25,"column":25},"end":{"line":25,"column":86}},"9":{"start":{"line":26,"column":23},"end":{"line":26,"column":82}},"10":{"start":{"line":27,"column":12},"end":{"line":27,"column":74}},"11":{"start":{"line":29,"column":8},"end":{"line":34,"column":null}},"12":{"start":{"line":30,"column":25},"end":{"line":30,"column":76}},"13":{"start":{"line":32,"column":29},"end":{"line":32,"column":67}},"14":{"start":{"line":33,"column":12},"end":{"line":33,"column":75}},"15":{"start":{"line":35,"column":8},"end":{"line":35,"column":29}},"16":{"start":{"line":9,"column":0},"end":{"line":9,"column":13}}},"fnMap":{"0":{"name":"(anonymous_7)","decl":{"start":{"line":17,"column":4},"end":{"line":17,"column":25}},"loc":{"start":{"line":17,"column":102},"end":{"line":18,"column":5}}},"1":{"name":"(anonymous_8)","decl":{"start":{"line":20,"column":10},"end":{"line":20,"column":17}},"loc":{"start":{"line":20,"column":45},"end":{"line":36,"column":null}}}},"branchMap":{"0":{"loc":{"start":{"line":24,"column":8},"end":{"line":28,"column":null}},"type":"if","locations":[{"start":{"line":24,"column":8},"end":{"line":28,"column":null}}]},"1":{"loc":{"start":{"line":24,"column":12},"end":{"line":24,"column":56}},"type":"binary-expr","locations":[{"start":{"line":24,"column":12},"end":{"line":24,"column":33}},{"start":{"line":24,"column":37},"end":{"line":24,"column":56}}]}},"s":{"0":1,"1":1,"2":1,"3":2,"4":2,"5":2,"6":2,"7":2,"8":2,"9":2,"10":2,"11":2,"12":2,"13":2,"14":2,"15":2,"16":1},"f":{"0":2,"1":2},"b":{"0":[2],"1":[2,2]}}
,"C:\\Users\\andre\\OneDrive\\Área de Trabalho\\projetos\\projetos_branas\\sales_io\\src\\application\\Checkout.ts": {"path":"C:\\Users\\andre\\OneDrive\\Área de Trabalho\\projetos\\projetos_branas\\sales_io\\src\\application\\Checkout.ts","statementMap":{"0":{"start":{"line":1,"column":0},"end":{"line":1,"column":42}},"1":{"start":{"line":14,"column":25},"end":{"line":14,"column":57}},"2":{"start":{"line":14,"column":68},"end":{"line":14,"column":98}},"3":{"start":{"line":18,"column":25},"end":{"line":18,"column":65}},"4":{"start":{"line":19,"column":22},"end":{"line":19,"column":85}},"5":{"start":{"line":20,"column":8},"end":{"line":23,"column":null}},"6":{"start":{"line":21,"column":25},"end":{"line":21,"column":76}},"7":{"start":{"line":22,"column":12},"end":{"line":22,"column":52}},"8":{"start":{"line":24,"column":8},"end":{"line":24,"column":47}},"9":{"start":{"line":6,"column":0},"end":{"line":6,"column":13}}},"fnMap":{"0":{"name":"(anonymous_8)","decl":{"start":{"line":14,"column":4},"end":{"line":14,"column":25}},"loc":{"start":{"line":14,"column":98},"end":{"line":15,"column":5}}},"1":{"name":"(anonymous_9)","decl":{"start":{"line":17,"column":10},"end":{"line":17,"column":17}},"loc":{"start":{"line":17,"column":36},"end":{"line":25,"column":null}}}},"branchMap":{},"s":{"0":1,"1":2,"2":2,"3":3,"4":3,"5":3,"6":5,"7":5,"8":3,"9":1},"f":{"0":2,"1":3},"b":{}}
,"C:\\Users\\andre\\OneDrive\\Área de Trabalho\\projetos\\projetos_branas\\sales_io\\src\\application\\GetOrderByCpf.ts": {"path":"C:\\Users\\andre\\OneDrive\\Área de Trabalho\\projetos\\projetos_branas\\sales_io\\src\\application\\GetOrderByCpf.ts","statementMap":{"0":{"start":{"line":6,"column":23},"end":{"line":6,"column":55}},"1":{"start":{"line":10,"column":17},"end":{"line":10,"column":19}},"2":{"start":{"line":11,"column":17},"end":{"line":11,"column":57}},"3":{"start":{"line":12,"column":2},"end":{"line":14,"column":null}},"4":{"start":{"line":13,"column":3},"end":{"line":13,"column":67}},"5":{"start":{"line":15,"column":2},"end":{"line":15,"column":16}},"6":{"start":{"line":4,"column":0},"end":{"line":4,"column":21}}},"fnMap":{"0":{"name":"(anonymous_7)","decl":{"start":{"line":6,"column":1},"end":{"line":6,"column":23}},"loc":{"start":{"line":6,"column":55},"end":{"line":7,"column":2}}},"1":{"name":"(anonymous_8)","decl":{"start":{"line":9,"column":7},"end":{"line":9,"column":14}},"loc":{"start":{"line":9,"column":27},"end":{"line":16,"column":null}}}},"branchMap":{},"s":{"0":4,"1":4,"2":4,"3":4,"4":4,"5":4,"6":2},"f":{"0":4,"1":4},"b":{}}
,"C:\\Users\\andre\\OneDrive\\Área de Trabalho\\projetos\\projetos_branas\\sales_io\\src\\application\\Preview.ts": {"path":"C:\\Users\\andre\\OneDrive\\Área de Trabalho\\projetos\\projetos_branas\\sales_io\\src\\application\\Preview.ts","statementMap":{"0":{"start":{"line":1,"column":0},"end":{"line":1,"column":42}},"1":{"start":{"line":13,"column":25},"end":{"line":13,"column":55}},"2":{"start":{"line":17,"column":22},"end":{"line":17,"column":53}},"3":{"start":{"line":18,"column":8},"end":{"line":21,"column":null}},"4":{"start":{"line":19,"column":25},"end":{"line":19,"column":76}},"5":{"start":{"line":20,"column":12},"end":{"line":20,"column":52}},"6":{"start":{"line":22,"column":22},"end":{"line":22,"column":38}},"7":{"start":{"line":23,"column":8},"end":{"line":23,"column":21}},"8":{"start":{"line":5,"column":0},"end":{"line":5,"column":13}}},"fnMap":{"0":{"name":"(anonymous_8)","decl":{"start":{"line":13,"column":4},"end":{"line":13,"column":25}},"loc":{"start":{"line":13,"column":55},"end":{"line":14,"column":5}}},"1":{"name":"(anonymous_9)","decl":{"start":{"line":16,"column":10},"end":{"line":16,"column":17}},"loc":{"start":{"line":16,"column":35},"end":{"line":24,"column":null}}}},"branchMap":{},"s":{"0":1,"1":1,"2":1,"3":1,"4":3,"5":3,"6":1,"7":1,"8":1},"f":{"0":1,"1":1},"b":{}}
,"C:\\Users\\andre\\OneDrive\\Área de Trabalho\\projetos\\projetos_branas\\sales_io\\src\\application\\ValidateCoupon.ts": {"path":"C:\\Users\\andre\\OneDrive\\Área de Trabalho\\projetos\\projetos_branas\\sales_io\\src\\application\\ValidateCoupon.ts","statementMap":{"0":{"start":{"line":13,"column":25},"end":{"line":13,"column":59}},"1":{"start":{"line":17,"column":24},"end":{"line":17,"column":80}},"2":{"start":{"line":18,"column":8},"end":{"line":18,"column":56}},"3":{"start":{"line":18,"column":20},"end":{"line":18,"column":56}},"4":{"start":{"line":19,"column":8},"end":{"line":19,"column":51}},"5":{"start":{"line":7,"column":0},"end":{"line":7,"column":13}}},"fnMap":{"0":{"name":"(anonymous_7)","decl":{"start":{"line":13,"column":4},"end":{"line":13,"column":25}},"loc":{"start":{"line":13,"column":59},"end":{"line":14,"column":5}}},"1":{"name":"(anonymous_8)","decl":{"start":{"line":16,"column":10},"end":{"line":16,"column":17}},"loc":{"start":{"line":16,"column":42},"end":{"line":20,"column":null}}}},"branchMap":{"0":{"loc":{"start":{"line":18,"column":8},"end":{"line":18,"column":56}},"type":"if","locations":[{"start":{"line":18,"column":8},"end":{"line":18,"column":56}}]}},"s":{"0":2,"1":2,"2":2,"3":1,"4":1,"5":1},"f":{"0":2,"1":2},"b":{"0":[1]}}
,"C:\\Users\\andre\\OneDrive\\Área de Trabalho\\projetos\\projetos_branas\\sales_io\\src\\application\\Dtos\\CalculateShippingDTO.ts": {"path":"C:\\Users\\andre\\OneDrive\\Área de Trabalho\\projetos\\projetos_branas\\sales_io\\src\\application\\Dtos\\CalculateShippingDTO.ts","statementMap":{"0":{"start":{"line":6,"column":8},"end":{"line":6,"column":null}},"1":{"start":{"line":3,"column":0},"end":{"line":3,"column":13}}},"fnMap":{"0":{"name":"(anonymous_0)","decl":{"start":{"line":5,"column":4},"end":{"line":5,"column":16}},"loc":{"start":{"line":5,"column":33},"end":{"line":7,"column":5}}}},"branchMap":{},"s":{"0":2,"1":1},"f":{"0":2},"b":{}}
,"C:\\Users\\andre\\OneDrive\\Área de Trabalho\\projetos\\projetos_branas\\sales_io\\src\\application\\Dtos\\CheckoutDTO.ts": {"path":"C:\\Users\\andre\\OneDrive\\Área de Trabalho\\projetos\\projetos_branas\\sales_io\\src\\application\\Dtos\\CheckoutDTO.ts","statementMap":{"0":{"start":{"line":4,"column":8},"end":{"line":4,"column":null}},"1":{"start":{"line":1,"column":0},"end":{"line":1,"column":13}}},"fnMap":{"0":{"name":"(anonymous_0)","decl":{"start":{"line":3,"column":4},"end":{"line":3,"column":16}},"loc":{"start":{"line":3,"column":34},"end":{"line":5,"column":5}}}},"branchMap":{},"s":{"0":2,"1":1},"f":{"0":2},"b":{}}
,"C:\\Users\\andre\\OneDrive\\Área de Trabalho\\projetos\\projetos_branas\\sales_io\\src\\application\\Dtos\\PreviewDTO.ts": {"path":"C:\\Users\\andre\\OneDrive\\Área de Trabalho\\projetos\\projetos_branas\\sales_io\\src\\application\\Dtos\\PreviewDTO.ts","statementMap":{"0":{"start":{"line":4,"column":8},"end":{"line":4,"column":null}},"1":{"start":{"line":1,"column":0},"end":{"line":1,"column":13}}},"fnMap":{"0":{"name":"(anonymous_0)","decl":{"start":{"line":3,"column":4},"end":{"line":3,"column":16}},"loc":{"start":{"line":3,"column":32},"end":{"line":5,"column":5}}}},"branchMap":{},"s":{"0":1,"1":1},"f":{"0":1},"b":{}}
,"C:\\Users\\andre\\OneDrive\\Área de Trabalho\\projetos\\projetos_branas\\sales_io\\src\\application\\Dtos\\ValidateCouponDTO.ts": {"path":"C:\\Users\\andre\\OneDrive\\Área de Trabalho\\projetos\\projetos_branas\\sales_io\\src\\application\\Dtos\\ValidateCouponDTO.ts","statementMap":{"0":{"start":{"line":4,"column":8},"end":{"line":4,"column":null}},"1":{"start":{"line":1,"column":0},"end":{"line":1,"column":13}}},"fnMap":{"0":{"name":"(anonymous_0)","decl":{"start":{"line":3,"column":4},"end":{"line":3,"column":16}},"loc":{"start":{"line":3,"column":30},"end":{"line":5,"column":5}}}},"branchMap":{},"s":{"0":2,"1":1},"f":{"0":2},"b":{}}
,"C:\\Users\\andre\\OneDrive\\Área de Trabalho\\projetos\\projetos_branas\\sales_io\\src\\infra\\repository\\memory\\CouponRepositoryInMemory.ts": {"path":"C:\\Users\\andre\\OneDrive\\Área de Trabalho\\projetos\\projetos_branas\\sales_io\\src\\infra\\repository\\memory\\CouponRepositoryInMemory.ts","statementMap":{"0":{"start":{"line":8,"column":8},"end":{"line":8,"column":null}},"1":{"start":{"line":12,"column":8},"end":{"line":12,"column":33}},"2":{"start":{"line":16,"column":8},"end":{"line":16,"column":64}},"3":{"start":{"line":16,"column":42},"end":{"line":16,"column":62}},"4":{"start":{"line":4,"column":0},"end":{"line":4,"column":21}}},"fnMap":{"0":{"name":"(anonymous_7)","decl":{"start":{"line":7,"column":4},"end":{"line":7,"column":null}},"loc":{"start":{"line":7,"column":4},"end":{"line":9,"column":5}}},"1":{"name":"(anonymous_8)","decl":{"start":{"line":11,"column":4},"end":{"line":11,"column":8}},"loc":{"start":{"line":11,"column":23},"end":{"line":13,"column":5}}},"2":{"name":"(anonymous_9)","decl":{"start":{"line":15,"column":10},"end":{"line":15,"column":19}},"loc":{"start":{"line":15,"column":32},"end":{"line":17,"column":null}}},"3":{"name":"(anonymous_11)","decl":{"start":{"line":16,"column":32},"end":{"line":16,"column":38}},"loc":{"start":{"line":16,"column":42},"end":{"line":16,"column":62}}}},"branchMap":{},"s":{"0":2,"1":1,"2":2,"3":1,"4":1},"f":{"0":2,"1":1,"2":2,"3":1},"b":{}}
,"C:\\Users\\andre\\OneDrive\\Área de Trabalho\\projetos\\projetos_branas\\sales_io\\src\\infra\\repository\\memory\\ItemRepositoryInMemory.ts": {"path":"C:\\Users\\andre\\OneDrive\\Área de Trabalho\\projetos\\projetos_branas\\sales_io\\src\\infra\\repository\\memory\\ItemRepositoryInMemory.ts","statementMap":{"0":{"start":{"line":8,"column":8},"end":{"line":8,"column":null}},"1":{"start":{"line":12,"column":21},"end":{"line":12,"column":68}},"2":{"start":{"line":12,"column":45},"end":{"line":12,"column":67}},"3":{"start":{"line":13,"column":8},"end":{"line":13,"column":52}},"4":{"start":{"line":13,"column":18},"end":{"line":13,"column":52}},"5":{"start":{"line":14,"column":8},"end":{"line":14,"column":20}},"6":{"start":{"line":18,"column":8},"end":{"line":18,"column":30}},"7":{"start":{"line":4,"column":0},"end":{"line":4,"column":21}}},"fnMap":{"0":{"name":"(anonymous_7)","decl":{"start":{"line":7,"column":4},"end":{"line":7,"column":null}},"loc":{"start":{"line":7,"column":4},"end":{"line":9,"column":5}}},"1":{"name":"(anonymous_8)","decl":{"start":{"line":11,"column":10},"end":{"line":11,"column":17}},"loc":{"start":{"line":11,"column":32},"end":{"line":15,"column":null}}},"2":{"name":"(anonymous_10)","decl":{"start":{"line":12,"column":37},"end":{"line":12,"column":41}},"loc":{"start":{"line":12,"column":45},"end":{"line":12,"column":67}}},"3":{"name":"(anonymous_11)","decl":{"start":{"line":17,"column":4},"end":{"line":17,"column":8}},"loc":{"start":{"line":17,"column":19},"end":{"line":19,"column":5}}}},"branchMap":{"0":{"loc":{"start":{"line":13,"column":8},"end":{"line":13,"column":52}},"type":"if","locations":[{"start":{"line":13,"column":8},"end":{"line":13,"column":52}}]}},"s":{"0":5,"1":10,"2":16,"3":10,"4":0,"5":10,"6":9,"7":3},"f":{"0":5,"1":10,"2":16,"3":9},"b":{"0":[0]}}
,"C:\\Users\\andre\\OneDrive\\Área de Trabalho\\projetos\\projetos_branas\\sales_io\\src\\infra\\repository\\memory\\OrderRepositoryInMemory.ts": {"path":"C:\\Users\\andre\\OneDrive\\Área de Trabalho\\projetos\\projetos_branas\\sales_io\\src\\infra\\repository\\memory\\OrderRepositoryInMemory.ts","statementMap":{"0":{"start":{"line":10,"column":8},"end":{"line":11,"column":null}},"1":{"start":{"line":14,"column":8},"end":{"line":14,"column":34}},"2":{"start":{"line":18,"column":8},"end":{"line":18,"column":68}},"3":{"start":{"line":18,"column":43},"end":{"line":18,"column":66}},"4":{"start":{"line":22,"column":8},"end":{"line":22,"column":32}},"5":{"start":{"line":6,"column":0},"end":{"line":6,"column":21}}},"fnMap":{"0":{"name":"(anonymous_7)","decl":{"start":{"line":9,"column":4},"end":{"line":9,"column":null}},"loc":{"start":{"line":9,"column":4},"end":{"line":12,"column":5}}},"1":{"name":"(anonymous_8)","decl":{"start":{"line":13,"column":4},"end":{"line":13,"column":9}},"loc":{"start":{"line":13,"column":9},"end":{"line":15,"column":5}}},"2":{"name":"(anonymous_9)","decl":{"start":{"line":17,"column":10},"end":{"line":17,"column":18}},"loc":{"start":{"line":17,"column":30},"end":{"line":19,"column":null}}},"3":{"name":"(anonymous_11)","decl":{"start":{"line":18,"column":34},"end":{"line":18,"column":39}},"loc":{"start":{"line":18,"column":43},"end":{"line":18,"column":66}}},"4":{"name":"(anonymous_12)","decl":{"start":{"line":21,"column":4},"end":{"line":21,"column":8}},"loc":{"start":{"line":21,"column":21},"end":{"line":23,"column":5}}}},"branchMap":{},"s":{"0":4,"1":3,"2":4,"3":4,"4":4,"5":2},"f":{"0":4,"1":3,"2":4,"3":4,"4":4},"b":{}}
,"C:\\Users\\andre\\OneDrive\\Área de Trabalho\\projetos\\projetos_branas\\sales_io\\src\\infra\\repository\\memory\\ZipcodeRepositoryInMemory.ts": {"path":"C:\\Users\\andre\\OneDrive\\Área de Trabalho\\projetos\\projetos_branas\\sales_io\\src\\infra\\repository\\memory\\ZipcodeRepositoryInMemory.ts","statementMap":{"0":{"start":{"line":8,"column":8},"end":{"line":8,"column":27}},"1":{"start":{"line":12,"column":24},"end":{"line":12,"column":76}},"2":{"start":{"line":12,"column":54},"end":{"line":12,"column":75}},"3":{"start":{"line":13,"column":8},"end":{"line":13,"column":64}},"4":{"start":{"line":13,"column":22},"end":{"line":13,"column":64}},"5":{"start":{"line":14,"column":8},"end":{"line":14,"column":23}},"6":{"start":{"line":18,"column":8},"end":{"line":18,"column":36}},"7":{"start":{"line":4,"column":0},"end":{"line":4,"column":21}}},"fnMap":{"0":{"name":"(anonymous_7)","decl":{"start":{"line":7,"column":4},"end":{"line":7,"column":null}},"loc":{"start":{"line":7,"column":4},"end":{"line":9,"column":5}}},"1":{"name":"(anonymous_8)","decl":{"start":{"line":11,"column":10},"end":{"line":11,"column":19}},"loc":{"start":{"line":11,"column":32},"end":{"line":15,"column":null}}},"2":{"name":"(anonymous_10)","decl":{"start":{"line":12,"column":43},"end":{"line":12,"column":50}},"loc":{"start":{"line":12,"column":54},"end":{"line":12,"column":75}}},"3":{"name":"(anonymous_11)","decl":{"start":{"line":17,"column":10},"end":{"line":17,"column":14}},"loc":{"start":{"line":17,"column":31},"end":{"line":19,"column":null}}}},"branchMap":{"0":{"loc":{"start":{"line":13,"column":8},"end":{"line":13,"column":64}},"type":"if","locations":[{"start":{"line":13,"column":8},"end":{"line":13,"column":64}}]}},"s":{"0":2,"1":4,"2":5,"3":4,"4":0,"5":4,"6":4,"7":1},"f":{"0":2,"1":4,"2":5,"3":4},"b":{"0":[0]}}
,"C:\\Users\\andre\\OneDrive\\Área de Trabalho\\projetos\\projetos_branas\\sales_io\\src\\model\\entity\\Coordinate.ts": {"path":"C:\\Users\\andre\\OneDrive\\Área de Trabalho\\projetos\\projetos_branas\\sales_io\\src\\model\\entity\\Coordinate.ts","statementMap":{"0":{"start":{"line":2,"column":32},"end":{"line":2,"column":48}},"1":{"start":{"line":2,"column":67},"end":{"line":2,"column":84}},"2":{"start":{"line":1,"column":0},"end":{"line":1,"column":13}}},"fnMap":{"0":{"name":"(anonymous_0)","decl":{"start":{"line":2,"column":4},"end":{"line":2,"column":32}},"loc":{"start":{"line":2,"column":84},"end":{"line":3,"column":5}}}},"branchMap":{},"s":{"0":6,"1":6,"2":2},"f":{"0":6},"b":{}}
,"C:\\Users\\andre\\OneDrive\\Área de Trabalho\\projetos\\projetos_branas\\sales_io\\src\\model\\entity\\Coupon.ts": {"path":"C:\\Users\\andre\\OneDrive\\Área de Trabalho\\projetos\\projetos_branas\\sales_io\\src\\model\\entity\\Coupon.ts","statementMap":{"0":{"start":{"line":3,"column":23},"end":{"line":3,"column":35}},"1":{"start":{"line":3,"column":46},"end":{"line":3,"column":64}},"2":{"start":{"line":3,"column":75},"end":{"line":3,"column":96}},"3":{"start":{"line":7,"column":2},"end":{"line":7,"column":87}},"4":{"start":{"line":11,"column":2},"end":{"line":11,"column":39}},"5":{"start":{"line":1,"column":0},"end":{"line":1,"column":21}}},"fnMap":{"0":{"name":"(anonymous_0)","decl":{"start":{"line":3,"column":1},"end":{"line":3,"column":23}},"loc":{"start":{"line":3,"column":96},"end":{"line":4,"column":2}}},"1":{"name":"(anonymous_1)","decl":{"start":{"line":6,"column":1},"end":{"line":6,"column":10}},"loc":{"start":{"line":6,"column":33},"end":{"line":8,"column":2}}},"2":{"name":"(anonymous_2)","decl":{"start":{"line":10,"column":1},"end":{"line":10,"column":18}},"loc":{"start":{"line":10,"column":33},"end":{"line":12,"column":2}}}},"branchMap":{"0":{"loc":{"start":{"line":6,"column":11},"end":{"line":6,"column":33}},"type":"default-arg","locations":[{"start":{"line":6,"column":23},"end":{"line":6,"column":33}}]},"1":{"loc":{"start":{"line":7,"column":9},"end":{"line":7,"column":86}},"type":"cond-expr","locations":[{"start":{"line":7,"column":33},"end":{"line":7,"column":78}},{"start":{"line":7,"column":81},"end":{"line":7,"column":86}}]}},"s":{"0":3,"1":3,"2":3,"3":3,"4":1,"5":2},"f":{"0":3,"1":3,"2":1},"b":{"0":[2],"1":[2,1]}}
,"C:\\Users\\andre\\OneDrive\\Área de Trabalho\\projetos\\projetos_branas\\sales_io\\src\\model\\entity\\Cpf.ts": {"path":"C:\\Users\\andre\\OneDrive\\Área de Trabalho\\projetos\\projetos_branas\\sales_io\\src\\model\\entity\\Cpf.ts","statementMap":{"0":{"start":{"line":3,"column":23},"end":{"line":3,"column":36}},"1":{"start":{"line":4,"column":2},"end":{"line":4,"column":61}},"2":{"start":{"line":4,"column":29},"end":{"line":4,"column":61}},"3":{"start":{"line":8,"column":2},"end":{"line":8,"column":25}},"4":{"start":{"line":8,"column":12},"end":{"line":8,"column":25}},"5":{"start":{"line":9,"column":2},"end":{"line":9,"column":27}},"6":{"start":{"line":10,"column":2},"end":{"line":10,"column":45}},"7":{"start":{"line":10,"column":32},"end":{"line":10,"column":45}},"8":{"start":{"line":11,"column":2},"end":{"line":11,"column":48}},"9":{"start":{"line":11,"column":35},"end":{"line":11,"column":48}},"10":{"start":{"line":12,"column":17},"end":{"line":12,"column":45}},"11":{"start":{"line":13,"column":17},"end":{"line":13,"column":45}},"12":{"start":{"line":14,"column":21},"end":{"line":14,"column":43}},"13":{"start":{"line":15,"column":26},"end":{"line":15,"column":46}},"14":{"start":{"line":16,"column":2},"end":{"line":16,"column":39}},"15":{"start":{"line":20,"column":2},"end":{"line":20,"column":32}},"16":{"start":{"line":24,"column":2},"end":{"line":24,"column":27}},"17":{"start":{"line":28,"column":23},"end":{"line":28,"column":26}},"18":{"start":{"line":29,"column":2},"end":{"line":29,"column":null}},"19":{"start":{"line":29,"column":38},"end":{"line":29,"column":58}},"20":{"start":{"line":33,"column":2},"end":{"line":33,"column":22}},"21":{"start":{"line":37,"column":14},"end":{"line":37,"column":15}},"22":{"start":{"line":38,"column":2},"end":{"line":40,"column":null}},"23":{"start":{"line":39,"column":3},"end":{"line":39,"column":55}},"24":{"start":{"line":39,"column":19},"end":{"line":39,"column":55}},"25":{"start":{"line":41,"column":15},"end":{"line":41,"column":23}},"26":{"start":{"line":42,"column":2},"end":{"line":42,"column":36}},"27":{"start":{"line":1,"column":0},"end":{"line":1,"column":21}}},"fnMap":{"0":{"name":"(anonymous_0)","decl":{"start":{"line":3,"column":1},"end":{"line":3,"column":23}},"loc":{"start":{"line":3,"column":36},"end":{"line":5,"column":2}}},"1":{"name":"(anonymous_1)","decl":{"start":{"line":7,"column":9},"end":{"line":7,"column":17}},"loc":{"start":{"line":7,"column":30},"end":{"line":17,"column":2}}},"2":{"name":"(anonymous_2)","decl":{"start":{"line":19,"column":9},"end":{"line":19,"column":17}},"loc":{"start":{"line":19,"column":30},"end":{"line":21,"column":2}}},"3":{"name":"(anonymous_3)","decl":{"start":{"line":23,"column":9},"end":{"line":23,"column":22}},"loc":{"start":{"line":23,"column":35},"end":{"line":25,"column":2}}},"4":{"name":"(anonymous_4)","decl":{"start":{"line":27,"column":9},"end":{"line":27,"column":26}},"loc":{"start":{"line":27,"column":39},"end":{"line":30,"column":2}}},"5":{"name":"(anonymous_5)","decl":{"start":{"line":29,"column":29},"end":{"line":29,"column":34}},"loc":{"start":{"line":29,"column":38},"end":{"line":29,"column":58}}},"6":{"name":"(anonymous_6)","decl":{"start":{"line":32,"column":9},"end":{"line":32,"column":21}},"loc":{"start":{"line":32,"column":34},"end":{"line":34,"column":2}}},"7":{"name":"(anonymous_7)","decl":{"start":{"line":36,"column":9},"end":{"line":36,"column":23}},"loc":{"start":{"line":36,"column":52},"end":{"line":43,"column":2}}}},"branchMap":{"0":{"loc":{"start":{"line":4,"column":2},"end":{"line":4,"column":61}},"type":"if","locations":[{"start":{"line":4,"column":2},"end":{"line":4,"column":61}}]},"1":{"loc":{"start":{"line":8,"column":2},"end":{"line":8,"column":25}},"type":"if","locations":[{"start":{"line":8,"column":2},"end":{"line":8,"column":25}}]},"2":{"loc":{"start":{"line":10,"column":2},"end":{"line":10,"column":45}},"type":"if","locations":[{"start":{"line":10,"column":2},"end":{"line":10,"column":45}}]},"3":{"loc":{"start":{"line":11,"column":2},"end":{"line":11,"column":48}},"type":"if","locations":[{"start":{"line":11,"column":2},"end":{"line":11,"column":48}}]},"4":{"loc":{"start":{"line":39,"column":3},"end":{"line":39,"column":55}},"type":"if","locations":[{"start":{"line":39,"column":3},"end":{"line":39,"column":55}}]},"5":{"loc":{"start":{"line":42,"column":9},"end":{"line":42,"column":35}},"type":"cond-expr","locations":[{"start":{"line":42,"column":22},"end":{"line":42,"column":23}},{"start":{"line":42,"column":26},"end":{"line":42,"column":35}}]}},"s":{"0":22,"1":22,"2":7,"3":22,"4":1,"5":21,"6":21,"7":2,"8":19,"9":4,"10":15,"11":15,"12":15,"13":15,"14":15,"15":21,"16":21,"17":19,"18":19,"19":75,"20":15,"21":30,"22":30,"23":330,"24":285,"25":30,"26":30,"27":5},"f":{"0":22,"1":22,"2":21,"3":21,"4":19,"5":75,"6":15,"7":30},"b":{"0":[7],"1":[1],"2":[2],"3":[4],"4":[285],"5":[6,24]}}
,"C:\\Users\\andre\\OneDrive\\Área de Trabalho\\projetos\\projetos_branas\\sales_io\\src\\model\\entity\\Dimension.ts": {"path":"C:\\Users\\andre\\OneDrive\\Área de Trabalho\\projetos\\projetos_branas\\sales_io\\src\\model\\entity\\Dimension.ts","statementMap":{"0":{"start":{"line":3,"column":25},"end":{"line":3,"column":39}},"1":{"start":{"line":3,"column":50},"end":{"line":3,"column":63}},"2":{"start":{"line":3,"column":74},"end":{"line":3,"column":88}},"3":{"start":{"line":3,"column":99},"end":{"line":3,"column":113}},"4":{"start":{"line":4,"column":8},"end":{"line":6,"column":null}},"5":{"start":{"line":5,"column":12},"end":{"line":5,"column":60}},"6":{"start":{"line":9,"column":8},"end":{"line":9,"column":72}},"7":{"start":{"line":13,"column":8},"end":{"line":13,"column":46}},"8":{"start":{"line":2,"column":0},"end":{"line":2,"column":13}}},"fnMap":{"0":{"name":"(anonymous_0)","decl":{"start":{"line":3,"column":4},"end":{"line":3,"column":25}},"loc":{"start":{"line":3,"column":113},"end":{"line":7,"column":5}}},"1":{"name":"(anonymous_1)","decl":{"start":{"line":8,"column":11},"end":{"line":8,"column":20}},"loc":{"start":{"line":8,"column":20},"end":{"line":10,"column":2}}},"2":{"name":"(anonymous_2)","decl":{"start":{"line":12,"column":11},"end":{"line":12,"column":21}},"loc":{"start":{"line":12,"column":21},"end":{"line":14,"column":5}}}},"branchMap":{"0":{"loc":{"start":{"line":4,"column":8},"end":{"line":6,"column":null}},"type":"if","locations":[{"start":{"line":4,"column":8},"end":{"line":6,"column":null}}]},"1":{"loc":{"start":{"line":4,"column":12},"end":{"line":4,"column":63}},"type":"binary-expr","locations":[{"start":{"line":4,"column":12},"end":{"line":4,"column":22}},{"start":{"line":4,"column":26},"end":{"line":4,"column":35}},{"start":{"line":4,"column":39},"end":{"line":4,"column":49}},{"start":{"line":4,"column":53},"end":{"line":4,"column":63}}]}},"s":{"0":19,"1":19,"2":19,"3":19,"4":19,"5":1,"6":8,"7":4,"8":7},"f":{"0":19,"1":8,"2":4},"b":{"0":[1],"1":[19,18,18,18]}}
,"C:\\Users\\andre\\OneDrive\\Área de Trabalho\\projetos\\projetos_branas\\sales_io\\src\\model\\entity\\Distance.ts": {"path":"C:\\Users\\andre\\OneDrive\\Área de Trabalho\\projetos\\projetos_branas\\sales_io\\src\\model\\entity\\Distance.ts","statementMap":{"0":{"start":{"line":4,"column":32},"end":{"line":4,"column":48}},"1":{"start":{"line":4,"column":66},"end":{"line":4,"column":84}},"2":{"start":{"line":2,"column":0},"end":{"line":2,"column":13}}},"fnMap":{"0":{"name":"(anonymous_0)","decl":{"start":{"line":4,"column":4},"end":{"line":4,"column":32}},"loc":{"start":{"line":4,"column":88},"end":{"line":5,"column":5}}}},"branchMap":{"0":{"loc":{"start":{"line":4,"column":66},"end":{"line":4,"column":88}},"type":"default-arg","locations":[{"start":{"line":4,"column":84},"end":{"line":4,"column":88}}]}},"s":{"0":8,"1":8,"2":3},"f":{"0":8},"b":{"0":[8]}}
,"C:\\Users\\andre\\OneDrive\\Área de Trabalho\\projetos\\projetos_branas\\sales_io\\src\\model\\entity\\Item.ts": {"path":"C:\\Users\\andre\\OneDrive\\Área de Trabalho\\projetos\\projetos_branas\\sales_io\\src\\model\\entity\\Item.ts","statementMap":{"0":{"start":{"line":5,"column":23},"end":{"line":5,"column":37}},"1":{"start":{"line":5,"column":48},"end":{"line":5,"column":67}},"2":{"start":{"line":5,"column":78},"end":{"line":5,"column":91}},"3":{"start":{"line":5,"column":102},"end":{"line":5,"column":123}},"4":{"start":{"line":3,"column":0},"end":{"line":3,"column":21}}},"fnMap":{"0":{"name":"(anonymous_0)","decl":{"start":{"line":5,"column":1},"end":{"line":5,"column":23}},"loc":{"start":{"line":5,"column":123},"end":{"line":6,"column":2}}}},"branchMap":{},"s":{"0":18,"1":18,"2":18,"3":18,"4":7},"f":{"0":18},"b":{}}
,"C:\\Users\\andre\\OneDrive\\Área de Trabalho\\projetos\\projetos_branas\\sales_io\\src\\model\\entity\\Order.ts": {"path":"C:\\Users\\andre\\OneDrive\\Área de Trabalho\\projetos\\projetos_branas\\sales_io\\src\\model\\entity\\Order.ts","statementMap":{"0":{"start":{"line":2,"column":0},"end":{"line":2,"column":24}},"1":{"start":{"line":4,"column":0},"end":{"line":4,"column":40}},"2":{"start":{"line":5,"column":0},"end":{"line":5,"column":36}},"3":{"start":{"line":14,"column":2},"end":{"line":14,"column":26}},"4":{"start":{"line":15,"column":2},"end":{"line":15,"column":49}},"5":{"start":{"line":16,"column":2},"end":{"line":16,"column":23}},"6":{"start":{"line":20,"column":2},"end":{"line":20,"column":40}},"7":{"start":{"line":24,"column":2},"end":{"line":26,"column":null}},"8":{"start":{"line":25,"column":3},"end":{"line":25,"column":51}},"9":{"start":{"line":27,"column":2},"end":{"line":27,"column":73}},"10":{"start":{"line":31,"column":2},"end":{"line":31,"column":84}},"11":{"start":{"line":31,"column":42},"end":{"line":31,"column":71}},"12":{"start":{"line":35,"column":2},"end":{"line":37,"column":null}},"13":{"start":{"line":36,"column":3},"end":{"line":36,"column":37}},"14":{"start":{"line":38,"column":2},"end":{"line":38,"column":23}},"15":{"start":{"line":42,"column":14},"end":{"line":45,"column":7}},"16":{"start":{"line":43,"column":3},"end":{"line":43,"column":33}},"17":{"start":{"line":44,"column":3},"end":{"line":44,"column":16}},"18":{"start":{"line":46,"column":2},"end":{"line":48,"column":null}},"19":{"start":{"line":47,"column":3},"end":{"line":47,"column":49}},"20":{"start":{"line":49,"column":2},"end":{"line":49,"column":15}},"21":{"start":{"line":53,"column":2},"end":{"line":53,"column":39}},"22":{"start":{"line":7,"column":0},"end":{"line":7,"column":21}}},"fnMap":{"0":{"name":"(anonymous_1)","decl":{"start":{"line":13,"column":1},"end":{"line":13,"column":14}},"loc":{"start":{"line":13,"column":55},"end":{"line":17,"column":2}}},"1":{"name":"(anonymous_2)","decl":{"start":{"line":19,"column":8},"end":{"line":19,"column":14}},"loc":{"start":{"line":19,"column":80},"end":{"line":21,"column":2}}},"2":{"name":"(anonymous_3)","decl":{"start":{"line":23,"column":8},"end":{"line":23,"column":15}},"loc":{"start":{"line":23,"column":45},"end":{"line":28,"column":2}}},"3":{"name":"(anonymous_4)","decl":{"start":{"line":30,"column":9},"end":{"line":30,"column":21}},"loc":{"start":{"line":30,"column":35},"end":{"line":32,"column":2}}},"4":{"name":"(anonymous_5)","decl":{"start":{"line":31,"column":32},"end":{"line":31,"column":33}},"loc":{"start":{"line":31,"column":42},"end":{"line":31,"column":71}}},"5":{"name":"(anonymous_6)","decl":{"start":{"line":34,"column":8},"end":{"line":34,"column":17}},"loc":{"start":{"line":34,"column":33},"end":{"line":39,"column":2}}},"6":{"name":"(anonymous_7)","decl":{"start":{"line":41,"column":8},"end":{"line":41,"column":16}},"loc":{"start":{"line":41,"column":16},"end":{"line":50,"column":2}}},"7":{"name":"(anonymous_8)","decl":{"start":{"line":42,"column":37},"end":{"line":42,"column":38}},"loc":{"start":{"line":42,"column":58},"end":{"line":45,"column":3}}},"8":{"name":"(anonymous_9)","decl":{"start":{"line":52,"column":8},"end":{"line":52,"column":15}},"loc":{"start":{"line":52,"column":15},"end":{"line":54,"column":2}}}},"branchMap":{"0":{"loc":{"start":{"line":19,"column":35},"end":{"line":19,"column":58}},"type":"default-arg","locations":[{"start":{"line":19,"column":48},"end":{"line":19,"column":58}}]},"1":{"loc":{"start":{"line":19,"column":60},"end":{"line":19,"column":80}},"type":"default-arg","locations":[{"start":{"line":19,"column":79},"end":{"line":19,"column":80}}]},"2":{"loc":{"start":{"line":24,"column":2},"end":{"line":26,"column":null}},"type":"if","locations":[{"start":{"line":24,"column":2},"end":{"line":26,"column":null}}]},"3":{"loc":{"start":{"line":35,"column":2},"end":{"line":37,"column":null}},"type":"if","locations":[{"start":{"line":35,"column":2},"end":{"line":37,"column":null}}]},"4":{"loc":{"start":{"line":46,"column":2},"end":{"line":48,"column":null}},"type":"if","locations":[{"start":{"line":46,"column":2},"end":{"line":48,"column":null}}]}},"s":{"0":4,"1":4,"2":4,"3":13,"4":12,"5":12,"6":12,"7":22,"8":1,"9":21,"10":22,"11":18,"12":2,"13":1,"14":1,"15":8,"16":17,"17":17,"18":8,"19":1,"20":8,"21":5,"22":4},"f":{"0":13,"1":12,"2":22,"3":22,"4":18,"5":2,"6":8,"7":17,"8":5},"b":{"0":[12],"1":[9],"2":[1],"3":[1],"4":[1]}}
,"C:\\Users\\andre\\OneDrive\\Área de Trabalho\\projetos\\projetos_branas\\sales_io\\src\\model\\entity\\OrderItem.ts": {"path":"C:\\Users\\andre\\OneDrive\\Área de Trabalho\\projetos\\projetos_branas\\sales_io\\src\\model\\entity\\OrderItem.ts","statementMap":{"0":{"start":{"line":3,"column":23},"end":{"line":3,"column":37}},"1":{"start":{"line":3,"column":48},"end":{"line":3,"column":61}},"2":{"start":{"line":3,"column":72},"end":{"line":3,"column":88}},"3":{"start":{"line":4,"column":2},"end":{"line":6,"column":null}},"4":{"start":{"line":5,"column":12},"end":{"line":5,"column":72}},"5":{"start":{"line":10,"column":2},"end":{"line":10,"column":36}},"6":{"start":{"line":1,"column":0},"end":{"line":1,"column":21}}},"fnMap":{"0":{"name":"(anonymous_0)","decl":{"start":{"line":3,"column":1},"end":{"line":3,"column":23}},"loc":{"start":{"line":3,"column":88},"end":{"line":7,"column":2}}},"1":{"name":"(anonymous_1)","decl":{"start":{"line":9,"column":1},"end":{"line":9,"column":9}},"loc":{"start":{"line":9,"column":9},"end":{"line":11,"column":2}}}},"branchMap":{"0":{"loc":{"start":{"line":4,"column":2},"end":{"line":6,"column":null}},"type":"if","locations":[{"start":{"line":4,"column":2},"end":{"line":6,"column":null}}]}},"s":{"0":21,"1":21,"2":21,"3":21,"4":1,"5":17,"6":4},"f":{"0":21,"1":17},"b":{"0":[1]}}
,"C:\\Users\\andre\\OneDrive\\Área de Trabalho\\projetos\\projetos_branas\\sales_io\\src\\model\\entity\\ShippingCalculator.ts": {"path":"C:\\Users\\andre\\OneDrive\\Área de Trabalho\\projetos\\projetos_branas\\sales_io\\src\\model\\entity\\ShippingCalculator.ts","statementMap":{"0":{"start":{"line":7,"column":12},"end":{"line":7,"column":39}},"1":{"start":{"line":11,"column":8},"end":{"line":11,"column":33}},"2":{"start":{"line":12,"column":8},"end":{"line":12,"column":25}},"3":{"start":{"line":19,"column":23},"end":{"line":19,"column":55}},"4":{"start":{"line":20,"column":26},"end":{"line":20,"column":59}},"5":{"start":{"line":21,"column":31},"end":{"line":21,"column":82}},"6":{"start":{"line":22,"column":8},"end":{"line":22,"column":87}},"7":{"start":{"line":6,"column":0},"end":{"line":6,"column":13}}},"fnMap":{"0":{"name":"(anonymous_0)","decl":{"start":{"line":10,"column":4},"end":{"line":10,"column":16}},"loc":{"start":{"line":10,"column":46},"end":{"line":13,"column":5}}},"1":{"name":"(anonymous_1)","decl":{"start":{"line":15,"column":11},"end":{"line":15,"column":20}},"loc":{"start":{"line":15,"column":20},"end":{"line":23,"column":5}}}},"branchMap":{"0":{"loc":{"start":{"line":22,"column":15},"end":{"line":22,"column":86}},"type":"cond-expr","locations":[{"start":{"line":22,"column":52},"end":{"line":22,"column":70}},{"start":{"line":22,"column":73},"end":{"line":22,"column":86}}]}},"s":{"0":4,"1":4,"2":4,"3":4,"4":4,"5":4,"6":4,"7":2},"f":{"0":4,"1":4},"b":{"0":[1,3]}}
,"C:\\Users\\andre\\OneDrive\\Área de Trabalho\\projetos\\projetos_branas\\sales_io\\src\\model\\entity\\Zipcode.ts": {"path":"C:\\Users\\andre\\OneDrive\\Área de Trabalho\\projetos\\projetos_branas\\sales_io\\src\\model\\entity\\Zipcode.ts","statementMap":{"0":{"start":{"line":4,"column":25},"end":{"line":4,"column":37}},"1":{"start":{"line":4,"column":48},"end":{"line":4,"column":62}},"2":{"start":{"line":4,"column":73},"end":{"line":4,"column":93}},"3":{"start":{"line":4,"column":104},"end":{"line":4,"column":121}},"4":{"start":{"line":3,"column":0},"end":{"line":3,"column":13}}},"fnMap":{"0":{"name":"(anonymous_0)","decl":{"start":{"line":4,"column":4},"end":{"line":4,"column":25}},"loc":{"start":{"line":4,"column":121},"end":{"line":5,"column":5}}}},"branchMap":{},"s":{"0":2,"1":2,"2":2,"3":2,"4":1},"f":{"0":2},"b":{}}
,"C:\\Users\\andre\\OneDrive\\Área de Trabalho\\projetos\\projetos_branas\\sales_io\\src\\model\\entity\\orderCode.ts": {"path":"C:\\Users\\andre\\OneDrive\\Área de Trabalho\\projetos\\projetos_branas\\sales_io\\src\\model\\entity\\orderCode.ts","statementMap":{"0":{"start":{"line":3,"column":12},"end":{"line":3,"column":30}},"1":{"start":{"line":5,"column":8},"end":{"line":5,"column":38}},"2":{"start":{"line":9,"column":8},"end":{"line":9,"column":25}},"3":{"start":{"line":13,"column":15},"end":{"line":13,"column":51}},"4":{"start":{"line":14,"column":2},"end":{"line":14,"column":null}},"5":{"start":{"line":2,"column":0},"end":{"line":2,"column":13}}},"fnMap":{"0":{"name":"(anonymous_0)","decl":{"start":{"line":4,"column":4},"end":{"line":4,"column":16}},"loc":{"start":{"line":4,"column":44},"end":{"line":6,"column":5}}},"1":{"name":"(anonymous_1)","decl":{"start":{"line":8,"column":11},"end":{"line":8,"column":23}},"loc":{"start":{"line":8,"column":23},"end":{"line":10,"column":5}}},"2":{"name":"(anonymous_2)","decl":{"start":{"line":12,"column":12},"end":{"line":12,"column":20}},"loc":{"start":{"line":12,"column":49},"end":{"line":15,"column":2}}}},"branchMap":{},"s":{"0":12,"1":12,"2":5,"3":12,"4":12,"5":4},"f":{"0":12,"1":5,"2":12},"b":{}}
,"C:\\Users\\andre\\OneDrive\\Área de Trabalho\\projetos\\projetos_branas\\sales_io\\src\\services\\DistanceCalculator.ts": {"path":"C:\\Users\\andre\\OneDrive\\Área de Trabalho\\projetos\\projetos_branas\\sales_io\\src\\services\\DistanceCalculator.ts","statementMap":{"0":{"start":{"line":2,"column":0},"end":{"line":2,"column":52}},"1":{"start":{"line":8,"column":8},"end":{"line":8,"column":71}},"2":{"start":{"line":8,"column":48},"end":{"line":8,"column":71}},"3":{"start":{"line":10,"column":24},"end":{"line":10,"column":59}},"4":{"start":{"line":11,"column":24},"end":{"line":11,"column":57}},"5":{"start":{"line":12,"column":22},"end":{"line":12,"column":51}},"6":{"start":{"line":13,"column":25},"end":{"line":13,"column":52}},"7":{"start":{"line":15,"column":19},"end":{"line":15,"column":117}},"8":{"start":{"line":17,"column":8},"end":{"line":17,"column":31}},"9":{"start":{"line":17,"column":22},"end":{"line":17,"column":31}},"10":{"start":{"line":19,"column":8},"end":{"line":19,"column":31}},"11":{"start":{"line":20,"column":8},"end":{"line":20,"column":38}},"12":{"start":{"line":21,"column":8},"end":{"line":21,"column":34}},"13":{"start":{"line":22,"column":8},"end":{"line":22,"column":43}},"14":{"start":{"line":23,"column":8},"end":{"line":23,"column":36}},"15":{"start":{"line":25,"column":8},"end":{"line":25,"column":34}},"16":{"start":{"line":29,"column":8},"end":{"line":29,"column":45}},"17":{"start":{"line":33,"column":8},"end":{"line":33,"column":32}},"18":{"start":{"line":37,"column":8},"end":{"line":37,"column":83}},"19":{"start":{"line":4,"column":0},"end":{"line":4,"column":13}}},"fnMap":{"0":{"name":"(anonymous_0)","decl":{"start":{"line":6,"column":11},"end":{"line":6,"column":17}},"loc":{"start":{"line":6,"column":60},"end":{"line":26,"column":5}}},"1":{"name":"(anonymous_1)","decl":{"start":{"line":28,"column":12},"end":{"line":28,"column":18}},"loc":{"start":{"line":28,"column":48},"end":{"line":30,"column":5}}},"2":{"name":"(anonymous_2)","decl":{"start":{"line":32,"column":12},"end":{"line":32,"column":18}},"loc":{"start":{"line":32,"column":49},"end":{"line":34,"column":5}}},"3":{"name":"(anonymous_3)","decl":{"start":{"line":36,"column":12},"end":{"line":36,"column":18}},"loc":{"start":{"line":36,"column":69},"end":{"line":38,"column":5}}}},"branchMap":{"0":{"loc":{"start":{"line":8,"column":8},"end":{"line":8,"column":71}},"type":"if","locations":[{"start":{"line":8,"column":8},"end":{"line":8,"column":71}}]},"1":{"loc":{"start":{"line":17,"column":8},"end":{"line":17,"column":31}},"type":"if","locations":[{"start":{"line":17,"column":8},"end":{"line":17,"column":31}}]},"2":{"loc":{"start":{"line":37,"column":18},"end":{"line":37,"column":80}},"type":"binary-expr","locations":[{"start":{"line":37,"column":18},"end":{"line":37,"column":46}},{"start":{"line":37,"column":50},"end":{"line":37,"column":80}}]}},"s":{"0":2,"1":4,"2":2,"3":2,"4":2,"5":2,"6":2,"7":2,"8":2,"9":0,"10":2,"11":2,"12":2,"13":2,"14":2,"15":2,"16":6,"17":2,"18":4,"19":2},"f":{"0":4,"1":6,"2":2,"3":4},"b":{"0":[2],"1":[0],"2":[4,2]}}
}
