TN:
SF:src\application\CalculateShipping.ts
FN:17,(anonymous_7)
FN:20,(anonymous_8)
FNF:2
FNH:2
FNDA:2,(anonymous_7)
FNDA:2,(anonymous_8)
DA:2,1
DA:3,1
DA:4,1
DA:9,1
DA:17,2
DA:21,2
DA:22,2
DA:24,2
DA:25,2
DA:26,2
DA:27,2
DA:29,2
DA:30,2
DA:32,2
DA:33,2
DA:35,2
LF:16
LH:16
BRDA:24,0,0,2
BRDA:24,1,0,2
BRDA:24,1,1,2
BRF:3
BRH:3
end_of_record
TN:
SF:src\application\Checkout.ts
FN:14,(anonymous_8)
FN:17,(anonymous_9)
FNF:2
FNH:2
FNDA:2,(anonymous_8)
FNDA:3,(anonymous_9)
DA:1,1
DA:6,1
DA:14,2
DA:18,3
DA:19,3
DA:20,3
DA:21,5
DA:22,5
DA:24,3
LF:9
LH:9
BRF:0
BRH:0
end_of_record
TN:
SF:src\application\GetOrderByCpf.ts
FN:6,(anonymous_7)
FN:9,(anonymous_8)
FNF:2
FNH:2
FNDA:4,(anonymous_7)
FNDA:4,(anonymous_8)
DA:4,2
DA:6,4
DA:10,4
DA:11,4
DA:12,4
DA:13,4
DA:15,4
LF:7
LH:7
BRF:0
BRH:0
end_of_record
TN:
SF:src\application\Preview.ts
FN:13,(anonymous_8)
FN:16,(anonymous_9)
FNF:2
FNH:2
FNDA:1,(anonymous_8)
FNDA:1,(anonymous_9)
DA:1,1
DA:5,1
DA:13,1
DA:17,1
DA:18,1
DA:19,3
DA:20,3
DA:22,1
DA:23,1
LF:9
LH:9
BRF:0
BRH:0
end_of_record
TN:
SF:src\application\ValidateCoupon.ts
FN:13,(anonymous_7)
FN:16,(anonymous_8)
FNF:2
FNH:2
FNDA:2,(anonymous_7)
FNDA:2,(anonymous_8)
DA:7,1
DA:13,2
DA:17,2
DA:18,2
DA:19,1
LF:5
LH:5
BRDA:18,0,0,1
BRF:1
BRH:1
end_of_record
TN:
SF:src\application\Dtos\CalculateShippingDTO.ts
FN:5,(anonymous_0)
FNF:1
FNH:1
FNDA:2,(anonymous_0)
DA:3,1
DA:6,2
LF:2
LH:2
BRF:0
BRH:0
end_of_record
TN:
SF:src\application\Dtos\CheckoutDTO.ts
FN:3,(anonymous_0)
FNF:1
FNH:1
FNDA:2,(anonymous_0)
DA:1,1
DA:4,2
LF:2
LH:2
BRF:0
BRH:0
end_of_record
TN:
SF:src\application\Dtos\PreviewDTO.ts
FN:3,(anonymous_0)
FNF:1
FNH:1
FNDA:1,(anonymous_0)
DA:1,1
DA:4,1
LF:2
LH:2
BRF:0
BRH:0
end_of_record
TN:
SF:src\application\Dtos\ValidateCouponDTO.ts
FN:3,(anonymous_0)
FNF:1
FNH:1
FNDA:2,(anonymous_0)
DA:1,1
DA:4,2
LF:2
LH:2
BRF:0
BRH:0
end_of_record
TN:
SF:src\infra\repository\memory\CouponRepositoryInMemory.ts
FN:7,(anonymous_7)
FN:11,(anonymous_8)
FN:15,(anonymous_9)
FN:16,(anonymous_11)
FNF:4
FNH:4
FNDA:2,(anonymous_7)
FNDA:1,(anonymous_8)
FNDA:2,(anonymous_9)
FNDA:1,(anonymous_11)
DA:4,1
DA:8,2
DA:12,1
DA:16,2
LF:4
LH:4
BRF:0
BRH:0
end_of_record
TN:
SF:src\infra\repository\memory\ItemRepositoryInMemory.ts
FN:7,(anonymous_7)
FN:11,(anonymous_8)
FN:12,(anonymous_10)
FN:17,(anonymous_11)
FNF:4
FNH:4
FNDA:5,(anonymous_7)
FNDA:10,(anonymous_8)
FNDA:16,(anonymous_10)
FNDA:9,(anonymous_11)
DA:4,3
DA:8,5
DA:12,16
DA:13,10
DA:14,10
DA:18,9
LF:6
LH:6
BRDA:13,0,0,0
BRF:1
BRH:0
end_of_record
TN:
SF:src\infra\repository\memory\OrderRepositoryInMemory.ts
FN:9,(anonymous_7)
FN:13,(anonymous_8)
FN:17,(anonymous_9)
FN:18,(anonymous_11)
FN:21,(anonymous_12)
FNF:5
FNH:5
FNDA:4,(anonymous_7)
FNDA:3,(anonymous_8)
FNDA:4,(anonymous_9)
FNDA:4,(anonymous_11)
FNDA:4,(anonymous_12)
DA:6,2
DA:10,4
DA:14,3
DA:18,4
DA:22,4
LF:5
LH:5
BRF:0
BRH:0
end_of_record
TN:
SF:src\infra\repository\memory\ZipcodeRepositoryInMemory.ts
FN:7,(anonymous_7)
FN:11,(anonymous_8)
FN:12,(anonymous_10)
FN:17,(anonymous_11)
FNF:4
FNH:4
FNDA:2,(anonymous_7)
FNDA:4,(anonymous_8)
FNDA:5,(anonymous_10)
FNDA:4,(anonymous_11)
DA:4,1
DA:8,2
DA:12,5
DA:13,4
DA:14,4
DA:18,4
LF:6
LH:6
BRDA:13,0,0,0
BRF:1
BRH:0
end_of_record
TN:
SF:src\model\entity\Coordinate.ts
FN:2,(anonymous_0)
FNF:1
FNH:1
FNDA:6,(anonymous_0)
DA:1,2
DA:2,6
LF:2
LH:2
BRF:0
BRH:0
end_of_record
TN:
SF:src\model\entity\Coupon.ts
FN:3,(anonymous_0)
FN:6,(anonymous_1)
FN:10,(anonymous_2)
FNF:3
FNH:3
FNDA:3,(anonymous_0)
FNDA:3,(anonymous_1)
FNDA:1,(anonymous_2)
DA:1,2
DA:3,3
DA:7,3
DA:11,1
LF:4
LH:4
BRDA:6,0,0,2
BRDA:7,1,0,2
BRDA:7,1,1,1
BRF:3
BRH:3
end_of_record
TN:
SF:src\model\entity\Cpf.ts
FN:3,(anonymous_0)
FN:7,(anonymous_1)
FN:19,(anonymous_2)
FN:23,(anonymous_3)
FN:27,(anonymous_4)
FN:29,(anonymous_5)
FN:32,(anonymous_6)
FN:36,(anonymous_7)
FNF:8
FNH:8
FNDA:22,(anonymous_0)
FNDA:22,(anonymous_1)
FNDA:21,(anonymous_2)
FNDA:21,(anonymous_3)
FNDA:19,(anonymous_4)
FNDA:75,(anonymous_5)
FNDA:15,(anonymous_6)
FNDA:30,(anonymous_7)
DA:1,5
DA:3,22
DA:4,22
DA:8,22
DA:9,21
DA:10,21
DA:11,19
DA:12,15
DA:13,15
DA:14,15
DA:15,15
DA:16,15
DA:20,21
DA:24,21
DA:28,19
DA:29,75
DA:33,15
DA:37,30
DA:38,30
DA:39,330
DA:41,30
DA:42,30
LF:22
LH:22
BRDA:4,0,0,7
BRDA:8,1,0,1
BRDA:10,2,0,2
BRDA:11,3,0,4
BRDA:39,4,0,285
BRDA:42,5,0,6
BRDA:42,5,1,24
BRF:7
BRH:7
end_of_record
TN:
SF:src\model\entity\Dimension.ts
FN:3,(anonymous_0)
FN:8,(anonymous_1)
FN:12,(anonymous_2)
FNF:3
FNH:3
FNDA:19,(anonymous_0)
FNDA:8,(anonymous_1)
FNDA:4,(anonymous_2)
DA:2,7
DA:3,19
DA:4,19
DA:5,1
DA:9,8
DA:13,4
LF:6
LH:6
BRDA:4,0,0,1
BRDA:4,1,0,19
BRDA:4,1,1,18
BRDA:4,1,2,18
BRDA:4,1,3,18
BRF:5
BRH:5
end_of_record
TN:
SF:src\model\entity\Distance.ts
FN:4,(anonymous_0)
FNF:1
FNH:1
FNDA:8,(anonymous_0)
DA:2,3
DA:4,8
LF:2
LH:2
BRDA:4,0,0,8
BRF:1
BRH:1
end_of_record
TN:
SF:src\model\entity\Item.ts
FN:5,(anonymous_0)
FNF:1
FNH:1
FNDA:18,(anonymous_0)
DA:3,7
DA:5,18
LF:2
LH:2
BRF:0
BRH:0
end_of_record
TN:
SF:src\model\entity\Order.ts
FN:13,(anonymous_1)
FN:19,(anonymous_2)
FN:23,(anonymous_3)
FN:30,(anonymous_4)
FN:31,(anonymous_5)
FN:34,(anonymous_6)
FN:41,(anonymous_7)
FN:42,(anonymous_8)
FN:52,(anonymous_9)
FNF:9
FNH:9
FNDA:13,(anonymous_1)
FNDA:12,(anonymous_2)
FNDA:22,(anonymous_3)
FNDA:22,(anonymous_4)
FNDA:18,(anonymous_5)
FNDA:2,(anonymous_6)
FNDA:8,(anonymous_7)
FNDA:17,(anonymous_8)
FNDA:5,(anonymous_9)
DA:2,4
DA:4,4
DA:5,4
DA:7,4
DA:14,13
DA:15,12
DA:16,12
DA:20,12
DA:24,22
DA:25,1
DA:27,21
DA:31,22
DA:35,2
DA:36,1
DA:38,1
DA:42,8
DA:43,17
DA:44,17
DA:46,8
DA:47,1
DA:49,8
DA:53,5
LF:22
LH:22
BRDA:19,0,0,12
BRDA:19,1,0,9
BRDA:24,2,0,1
BRDA:35,3,0,1
BRDA:46,4,0,1
BRF:5
BRH:5
end_of_record
TN:
SF:src\model\entity\OrderItem.ts
FN:3,(anonymous_0)
FN:9,(anonymous_1)
FNF:2
FNH:2
FNDA:21,(anonymous_0)
FNDA:17,(anonymous_1)
DA:1,4
DA:3,21
DA:4,21
DA:5,1
DA:10,17
LF:5
LH:5
BRDA:4,0,0,1
BRF:1
BRH:1
end_of_record
TN:
SF:src\model\entity\ShippingCalculator.ts
FN:10,(anonymous_0)
FN:15,(anonymous_1)
FNF:2
FNH:2
FNDA:4,(anonymous_0)
FNDA:4,(anonymous_1)
DA:6,2
DA:7,4
DA:11,4
DA:12,4
DA:19,4
DA:20,4
DA:21,4
DA:22,4
LF:8
LH:8
BRDA:22,0,0,1
BRDA:22,0,1,3
BRF:2
BRH:2
end_of_record
TN:
SF:src\model\entity\Zipcode.ts
FN:4,(anonymous_0)
FNF:1
FNH:1
FNDA:2,(anonymous_0)
DA:3,1
DA:4,2
LF:2
LH:2
BRF:0
BRH:0
end_of_record
TN:
SF:src\model\entity\orderCode.ts
FN:4,(anonymous_0)
FN:8,(anonymous_1)
FN:12,(anonymous_2)
FNF:3
FNH:3
FNDA:12,(anonymous_0)
FNDA:5,(anonymous_1)
FNDA:12,(anonymous_2)
DA:2,4
DA:3,12
DA:5,12
DA:9,5
DA:13,12
DA:14,12
LF:6
LH:6
BRF:0
BRH:0
end_of_record
TN:
SF:src\services\DistanceCalculator.ts
FN:6,(anonymous_0)
FN:28,(anonymous_1)
FN:32,(anonymous_2)
FN:36,(anonymous_3)
FNF:4
FNH:4
FNDA:4,(anonymous_0)
FNDA:6,(anonymous_1)
FNDA:2,(anonymous_2)
FNDA:4,(anonymous_3)
DA:2,2
DA:4,2
DA:8,4
DA:10,2
DA:11,2
DA:12,2
DA:13,2
DA:15,2
DA:17,2
DA:19,2
DA:20,2
DA:21,2
DA:22,2
DA:23,2
DA:25,2
DA:29,6
DA:33,2
DA:37,4
LF:18
LH:18
BRDA:8,0,0,2
BRDA:17,1,0,0
BRDA:37,2,0,4
BRDA:37,2,1,2
BRF:4
BRH:3
end_of_record
